<?xml version="1.0" encoding="UTF-8"?>
<!-- Generated by org.testng.reporters.JUnitReportReporter -->
<testsuite skipped="0" hostname="HFLT0001452" name="Test_Finnone.DDE_finnone" tests="1" failures="0" timestamp="17 Jul 2017 06:13:59 GMT" time="256.806" errors="0">
  <testcase name="DDE" time="256.806" classname="Test_Finnone.DDE_finnone"/>
</testsuite> <!-- Test_Finnone.DDE_finnone -->
