<?xml version="1.0" encoding="UTF-8"?>
<!-- Generated by org.testng.reporters.JUnitReportReporter -->
<testsuite skipped="0" hostname="HFLT0001452" name="UAT_CAS_Other_than__LPL.Cibil_Update" tests="1" failures="0" timestamp="19 Jul 2017 07:28:32 GMT" time="1.163" errors="0">
  <testcase name="cibil" time="1.163" classname="UAT_CAS_Other_than__LPL.Cibil_Update"/>
</testsuite> <!-- UAT_CAS_Other_than__LPL.Cibil_Update -->
