<?xml version="1.0" encoding="UTF-8"?>
<!-- Generated by org.testng.reporters.JUnitReportReporter -->
<testsuite skipped="0" hostname="HFLT0001452" name="Test_Finnone.sourcing_finnone" tests="1" failures="0" timestamp="17 Jul 2017 06:13:59 GMT" time="165.842" errors="0">
  <testcase name="Sourcing" time="165.842" classname="Test_Finnone.sourcing_finnone"/>
</testsuite> <!-- Test_Finnone.sourcing_finnone -->
