<?xml version="1.0" encoding="UTF-8"?>
<!-- Generated by org.testng.reporters.JUnitReportReporter -->
<testsuite skipped="0" hostname="HFLT0001452" name="Test_Finnone.DDEQC_finnone" tests="1" failures="0" timestamp="17 Jul 2017 06:40:06 GMT" time="20.793" errors="0">
  <testcase name="DDEQC" time="20.793" classname="Test_Finnone.DDEQC_finnone"/>
</testsuite> <!-- Test_Finnone.DDEQC_finnone -->
