<?xml version="1.0" encoding="UTF-8"?>
<!-- Generated by org.testng.reporters.JUnitReportReporter -->
<testsuite skipped="0" hostname="HFLT0001452" name="UAT_CAS_Other_than__LPL.sourcing" tests="1" failures="0" timestamp="24 Jul 2017 12:47:35 GMT" time="166.570" errors="0">
  <testcase name="Sourcing_CAS" time="166.570" classname="UAT_CAS_Other_than__LPL.sourcing"/>
</testsuite> <!-- UAT_CAS_Other_than__LPL.sourcing -->
