<?xml version="1.0" encoding="UTF-8"?>
<!-- Generated by org.testng.reporters.JUnitReportReporter -->
<testsuite skipped="0" hostname="HFLT0001452" name="UAT_CAS_Other_than__LPL.sourcing_comments" tests="1" failures="0" timestamp="19 Jul 2017 11:27:26 GMT" time="14.930" errors="0">
  <testcase name="Sourcing" time="14.930" classname="UAT_CAS_Other_than__LPL.sourcing_comments"/>
</testsuite> <!-- UAT_CAS_Other_than__LPL.sourcing_comments -->
