<?xml version="1.0" encoding="UTF-8"?>
<!-- Generated by org.testng.reporters.JUnitReportReporter -->
<testsuite skipped="0" hostname="HFLT0001452" name="UAT_CAS_Other_than__LPL.Disbursal_details" tests="1" failures="0" timestamp="22 Aug 2017 12:20:12 GMT" time="24.109" errors="0">
  <testcase name="Disbursal_detail" time="24.109" classname="UAT_CAS_Other_than__LPL.Disbursal_details"/>
</testsuite> <!-- UAT_CAS_Other_than__LPL.Disbursal_details -->
