<?xml version="1.0" encoding="UTF-8"?>
<!-- Generated by org.testng.reporters.JUnitReportReporter -->
<testsuite skipped="0" hostname="HFLT0001452" name="Test_Finnone.FI_Initiation_Skipped" tests="1" failures="0" timestamp="17 Jul 2017 06:40:06 GMT" time="12.283" errors="0">
  <testcase name="FIinitiation" time="12.283" classname="Test_Finnone.FI_Initiation_Skipped"/>
</testsuite> <!-- Test_Finnone.FI_Initiation_Skipped -->
