<?xml version="1.0" encoding="UTF-8"?>
<!-- Generated by org.testng.reporters.JUnitReportReporter -->
<testsuite skipped="0" hostname="HFLT0001452" name="Test_Finnone.sourcing_finnone_comments" tests="1" failures="0" timestamp="17 Jul 2017 07:18:27 GMT" time="17.150" errors="0">
  <testcase name="Sourcing" time="17.150" classname="Test_Finnone.sourcing_finnone_comments"/>
</testsuite> <!-- Test_Finnone.sourcing_finnone_comments -->
