<?xml version="1.0" encoding="UTF-8"?>
<!-- Generated by org.testng.reporters.JUnitReportReporter -->
<testsuite skipped="0" hostname="HFLT0001452" name="Test_Finnone.DDE_finnone_comments" tests="1" failures="0" timestamp="03 Jul 2017 10:06:06 GMT" time="67.610" errors="0">
  <testcase name="DDE" time="67.610" classname="Test_Finnone.DDE_finnone_comments"/>
</testsuite> <!-- Test_Finnone.DDE_finnone_comments -->
