<?xml version="1.0" encoding="UTF-8"?>
<!-- Generated by org.testng.reporters.JUnitReportReporter -->
<testsuite skipped="0" hostname="HFLT0001452" name="Test_Finnone.Cibil_Update_Finnone" tests="1" failures="0" timestamp="11 Jul 2017 09:25:41 GMT" time="1.064" errors="0">
  <testcase name="update_cibil" time="1.064" classname="Test_Finnone.Cibil_Update_Finnone"/>
</testsuite> <!-- Test_Finnone.Cibil_Update_Finnone -->
