<?xml version="1.0" encoding="UTF-8"?>
<!-- Generated by org.testng.reporters.JUnitReportReporter -->
<testsuite skipped="0" hostname="HFLT0001452" name="Test_Finnone.dedupe" tests="1" failures="0" timestamp="11 Jul 2017 11:13:26 GMT" time="1.617" errors="0">
  <testcase name="update_dedupe" time="1.617" classname="Test_Finnone.dedupe"/>
</testsuite> <!-- Test_Finnone.dedupe -->
